<?xml version="1.0" encoding="UTF-8"?>
<!-- Generated by org.testng.reporters.JUnitXMLReporter -->
<testsuite ignored="0" hostname="DECOMM-PC" failures="0" tests="5" name="Test_AccountPg3" time="75.849" errors="0" timestamp="2022-04-01T12:09:48 PDT">
  <testcase classname="com.demo1.AccountPg3" name="createAnAccountTC10" time="12.134"/>
  <testcase classname="com.demo1.AccountPg3" name="createNewViewTC11" time="15.341"/>
  <testcase classname="com.demo1.AccountPg3" name="editViewTC12" time="8.551"/>
  <testcase classname="com.demo1.AccountPg3" name="mergeAccountTC13" time="11.201"/>
  <testcase classname="com.demo1.AccountPg3" name="createAccountReportTC14" time="12.503"/>
</testsuite> <!-- Test_AccountPg3 -->
