<?xml version="1.0" encoding="UTF-8"?>
<!-- Generated by org.testng.reporters.JUnitXMLReporter -->
<testsuite ignored="3" hostname="DECOMM-PC" failures="0" tests="1" name="Default test(failed)" time="34.883" errors="0" timestamp="2022-05-13T14:18:22 PDT">
  <testcase classname="sfdc.test.AccountTest" name="createAnAccountTC10" time="21.682"/>
  <testcase classname="sfdc.test.AccountTest" name="mergeAccountTC13" time="0.0">
    <ignored/>
  </testcase> <!-- mergeAccountTC13 -->
  <testcase classname="sfdc.test.AccountTest" name="createNewViewTC11" time="0.0">
    <ignored/>
  </testcase> <!-- createNewViewTC11 -->
  <testcase classname="sfdc.test.AccountTest" name="editViewTC12" time="0.0">
    <ignored/>
  </testcase> <!-- editViewTC12 -->
</testsuite> <!-- Default test(failed) -->
